<?xml version="1.0" encoding="UTF-8"?>
<!-- Generated by org.testng.reporters.JUnitXMLReporter -->
<testsuite ignored="1" hostname="DESKTOP-SRU0R49" failures="0" tests="8" name="Default test" time="29.08" errors="0" timestamp="2025-04-25T22:04:15 EET">
  <testcase classname="codeinbx2.codeinbx2.AppTest" name="RadioButton" time="0.188"/>
  <testcase classname="codeinbx2.codeinbx2.AppTest" name="Dynamic_Dropdown" time="2.169"/>
  <testcase classname="codeinbx2.codeinbx2.AppTest" name="SelectTag" time="0.185"/>
  <testcase classname="codeinbx2.codeinbx2.AppTest" name="CheckBoxTag" time="0.179"/>
  <testcase classname="codeinbx2.codeinbx2.AppTest" name="SwitchWindow" time="3.222"/>
  <testcase classname="codeinbx2.codeinbx2.AppTest" name="AlertTest" time="12.668"/>
  <testcase classname="codeinbx2.codeinbx2.AppTest" name="TableTest" time="0.351"/>
  <testcase classname="codeinbx2.codeinbx2.AppTest" name="HideAndShow" time="2.254"/>
  <testcase classname="codeinbx2.codeinbx2.AppTest" name="SwitchTab" time="0.0">
    <ignored/>
  </testcase> <!-- SwitchTab -->
</testsuite> <!-- Default test -->
