<?xml version="1.0" encoding="UTF-8"?>
<testng-results ignored="1" total="9" passed="8" failed="0" skipped="0">
  <reporter-output>
  </reporter-output>
  <suite started-at="2025-04-25T22:03:46 EET" name="Default suite" finished-at="2025-04-25T22:04:15 EET" duration-ms="29080">
    <groups>
    </groups>
    <test started-at="2025-04-25T22:03:46 EET" name="Default test" finished-at="2025-04-25T22:04:15 EET" duration-ms="29080">
      <class name="codeinbx2.codeinbx2.AppTest">
        <test-method is-config="true" signature="mySetup()[pri:0, instance:codeinbx2.codeinbx2.AppTest@4d722ac9]" started-at="2025-04-25T22:03:46 EET" name="mySetup" finished-at="2025-04-25T22:03:54 EET" duration-ms="7729" status="PASS">
          <reporter-output>
          </reporter-output>
        </test-method> <!-- mySetup -->
        <test-method signature="RadioButton()[pri:1, instance:codeinbx2.codeinbx2.AppTest@4d722ac9]" started-at="2025-04-25T22:03:54 EET" name="RadioButton" finished-at="2025-04-25T22:03:54 EET" duration-ms="188" status="PASS">
          <reporter-output>
          </reporter-output>
        </test-method> <!-- RadioButton -->
        <test-method signature="Dynamic_Dropdown()[pri:2, instance:codeinbx2.codeinbx2.AppTest@4d722ac9]" started-at="2025-04-25T22:03:54 EET" name="Dynamic_Dropdown" finished-at="2025-04-25T22:03:56 EET" duration-ms="2169" status="PASS">
          <reporter-output>
          </reporter-output>
        </test-method> <!-- Dynamic_Dropdown -->
        <test-method signature="SelectTag()[pri:3, instance:codeinbx2.codeinbx2.AppTest@4d722ac9]" started-at="2025-04-25T22:03:56 EET" name="SelectTag" finished-at="2025-04-25T22:03:56 EET" duration-ms="185" status="PASS">
          <reporter-output>
          </reporter-output>
        </test-method> <!-- SelectTag -->
        <test-method signature="CheckBoxTag()[pri:4, instance:codeinbx2.codeinbx2.AppTest@4d722ac9]" started-at="2025-04-25T22:03:56 EET" name="CheckBoxTag" finished-at="2025-04-25T22:03:57 EET" duration-ms="179" status="PASS">
          <reporter-output>
          </reporter-output>
        </test-method> <!-- CheckBoxTag -->
        <test-method signature="SwitchWindow()[pri:5, instance:codeinbx2.codeinbx2.AppTest@4d722ac9]" started-at="2025-04-25T22:03:57 EET" name="SwitchWindow" finished-at="2025-04-25T22:04:00 EET" duration-ms="3222" status="PASS">
          <reporter-output>
          </reporter-output>
        </test-method> <!-- SwitchWindow -->
        <test-method signature="AlertTest()[pri:6, instance:codeinbx2.codeinbx2.AppTest@4d722ac9]" started-at="2025-04-25T22:04:00 EET" name="AlertTest" finished-at="2025-04-25T22:04:12 EET" duration-ms="12668" status="PASS">
          <reporter-output>
          </reporter-output>
        </test-method> <!-- AlertTest -->
        <test-method signature="TableTest()[pri:7, instance:codeinbx2.codeinbx2.AppTest@4d722ac9]" started-at="2025-04-25T22:04:12 EET" name="TableTest" finished-at="2025-04-25T22:04:13 EET" duration-ms="351" status="PASS">
          <reporter-output>
          </reporter-output>
        </test-method> <!-- TableTest -->
        <test-method signature="HideAndShow()[pri:8, instance:codeinbx2.codeinbx2.AppTest@4d722ac9]" started-at="2025-04-25T22:04:13 EET" name="HideAndShow" finished-at="2025-04-25T22:04:15 EET" duration-ms="2254" status="PASS">
          <reporter-output>
          </reporter-output>
        </test-method> <!-- HideAndShow -->
      </class> <!-- codeinbx2.codeinbx2.AppTest -->
    </test> <!-- Default test -->
  </suite> <!-- Default suite -->
</testng-results>
